<?xml version="1.0" encoding="UTF-8"?>
<!-- Generated by org.testng.reporters.JUnitReportReporter -->
<testsuite hostname="PuNeEtDocASAP" name="mouseEvents.MouseEvents" tests="2" failures="0" timestamp="8 Jan 2016 05:01:40 GMT" time="3.830" errors="0">
  <testcase name="mouseHover" time="0.136" classname="mouseEvents.MouseEvents"/>
  <testcase name="mouseEvent" time="3.694" classname="mouseEvents.MouseEvents"/>
</testsuite> <!-- mouseEvents.MouseEvents -->
