<?xml version="1.0" encoding="UTF-8"?>
<!-- Generated by org.testng.reporters.JUnitReportReporter -->
<testsuite hostname="PuNeEtDocASAP" name="keyWordDriven.ExecuteTest" tests="1" failures="0" timestamp="7 Jan 2016 18:18:18 GMT" time="28.875" errors="0">
  <testcase name="testLogin" time="28.875" classname="keyWordDriven.ExecuteTest"/>
</testsuite> <!-- keyWordDriven.ExecuteTest -->
