<?xml version="1.0" encoding="UTF-8"?>
<!-- Generated by org.testng.reporters.JUnitReportReporter -->
<testsuite hostname="LAPTOP-U66JM345" failures="0" tests="1" name="PracticeSuit.Title" time="0.000" errors="0" timestamp="2023-08-20T15:22:59 IST" skipped="1">
  <testcase classname="PracticeSuit.Title" name="getTitle" time="0.000">
    <skipped/>
  </testcase> <!-- getTitle -->
</testsuite> <!-- PracticeSuit.Title -->
