<?xml version="1.0" encoding="UTF-8"?>
<!-- Generated by org.testng.reporters.JUnitReportReporter -->
<testsuite hostname="LAPTOP-U66JM345" failures="0" tests="1" name="TestNgDemo.Demo" time="4.335" errors="0" timestamp="2023-08-22T14:38:50 IST" skipped="0">
  <testcase classname="TestNgDemo.Demo" name="login" time="4.335"/>
</testsuite> <!-- TestNgDemo.Demo -->
