<?xml version="1.0" encoding="UTF-8"?>
<!-- Generated by org.testng.reporters.JUnitReportReporter -->
<testsuite hostname="LAPTOP-U66JM345" failures="0" tests="1" name="PracticeSuit.Url" time="0.000" errors="0" timestamp="2023-08-20T15:22:59 IST" skipped="1">
  <testcase classname="PracticeSuit.Url" name="getUrl" time="0.000">
    <skipped/>
  </testcase> <!-- getUrl -->
</testsuite> <!-- PracticeSuit.Url -->
