<?xml version="1.0" encoding="UTF-8"?>
<!-- Generated by org.testng.reporters.JUnitReportReporter -->
<testsuite hostname="LAPTOP-U66JM345" failures="0" tests="1" name="TestNgDemo.Logindemo" time="13.739" errors="0" timestamp="2023-08-22T14:39:14 IST" skipped="0">
  <testcase classname="TestNgDemo.Logindemo" name="Login" time="13.739"/>
</testsuite> <!-- TestNgDemo.Logindemo -->
