<?xml version="1.0" encoding="UTF-8"?>
<!-- Generated by org.testng.reporters.JUnitReportReporter -->
<testsuite hostname="PuNeEtDocASAP" name="adminLoginPage.PendingUserTabStatic" tests="1" failures="0" timestamp="5 Jan 2016 17:22:16 GMT" time="1.851" errors="0">
  <testcase name="clickPendingUserTab" time="1.851" classname="adminLoginPage.PendingUserTabStatic"/>
</testsuite> <!-- adminLoginPage.PendingUserTabStatic -->
