<?xml version="1.0" encoding="UTF-8"?>
<!-- Generated by org.testng.reporters.JUnitReportReporter -->
<testsuite hostname="PuNeEtDocASAP" name="providerAccount.HandlingAlert" tests="1" failures="0" timestamp="7 Jan 2016 17:14:58 GMT" time="6.869" errors="0">
  <testcase name="alert" time="6.869" classname="providerAccount.HandlingAlert"/>
</testsuite> <!-- providerAccount.HandlingAlert -->
