<?xml version="1.0" encoding="UTF-8"?>
<!-- Generated by org.testng.reporters.JUnitReportReporter -->
<testsuite hostname="PuNeEtDocASAP" name="dropdownList.DropMain" tests="1" failures="0" timestamp="30 Dec 2015 10:32:38 GMT" time="23.690" errors="0">
  <testcase name="execute" time="23.690" classname="dropdownList.DropMain"/>
</testsuite> <!-- dropdownList.DropMain -->
