<?xml version="1.0" encoding="UTF-8"?>
<!-- Generated by org.testng.reporters.JUnitReportReporter -->
<testsuite hostname="PuNeEtDocASAP" name="providerAccount.WriteExcelSheet" tests="1" failures="0" timestamp="6 Jan 2016 05:19:13 GMT" time="0.000" errors="0">
  <testcase name="abc" time="0.000" classname="providerAccount.WriteExcelSheet"/>
</testsuite> <!-- providerAccount.WriteExcelSheet -->
