<?xml version="1.0" encoding="UTF-8"?>
<!-- Generated by org.testng.reporters.JUnitReportReporter -->
<testsuite hostname="PuNeEtDocASAP" name="testSuitWriteExcel.Xcel" tests="1" failures="0" timestamp="7 Jan 2016 06:01:27 GMT" time="1.345" errors="0">
  <testcase name="writeInXl" time="1.345" classname="testSuitWriteExcel.Xcel"/>
</testsuite> <!-- testSuitWriteExcel.Xcel -->
