<?xml version="1.0" encoding="UTF-8"?>
<!-- Generated by org.testng.reporters.JUnitReportReporter -->
<testsuite hostname="LAPTOP-U66JM345" failures="0" tests="1" name="testcases.Login" time="2.543" errors="0" timestamp="04 Sept 2023 14:18:19 GMT" skipped="0">
  <testcase classname="testcases.Login" name="loginapp" time="2.543"/>
</testsuite> <!-- testcases.Login -->
