<?xml version="1.0" encoding="UTF-8"?>
<!-- Generated by org.testng.reporters.JUnitReportReporter -->
<testsuite hostname="PuNeEtDocASAP" name="providerAccount.ProviderHome" tests="2" failures="0" timestamp="4 Jan 2016 06:14:58 GMT" time="14.394" errors="0">
  <testcase name="alert" time="2.831" classname="providerAccount.ProviderHome"/>
  <testcase name="nextTab" time="11.563" classname="providerAccount.ProviderHome"/>
</testsuite> <!-- providerAccount.ProviderHome -->
